
bank: system execution failed.
Following is the set of recorded exceptions:

******************************** Thread exception *****************************
In thread           Root thread            0x0 (thread id)
*******************************************************************************
-------------------------------------------------------------------------------
Class / Object      Routine                Nature of exception           Effect
-------------------------------------------------------------------------------
ACCOUNT             log_balance @3         False:                       
<00000000043AB928>                         Assertion violated.           Fail
-------------------------------------------------------------------------------
ACCOUNT             log_balance @3                                      
<00000000043AB928>                         Resumption attempt failed.    Rescue
-------------------------------------------------------------------------------
APPLICATION         make @17                                            
<00000000043AB5A8>                         Routine failure.              Fail
-------------------------------------------------------------------------------
APPLICATION         root's creation                                     
<00000000043AB5A8>                         Routine failure.              Exit
-------------------------------------------------------------------------------
